#
# A fatal error has been detected by the Java Runtime Environment:
#
#  Internal Error (javaClasses.cpp:129), pid=4896, tid=3728
#  fatal error: Invalid layout of preloaded class
#
# JRE version: 7.0_21-b11
# Java VM: Java HotSpot(TM) Client VM (23.21-b01 mixed mode windows-x86 )
# Failed to write core dump. Minidumps are not enabled by default on client versions of Windows
#
# If you would like to submit a bug report, please visit:
#   http://bugreport.sun.com/bugreport/crash.jsp
#

---------------  T H R E A D  ---------------

Current thread (0x006eac00):  JavaThread "Unknown thread" [_thread_in_vm, id=3728, stack(0x00630000,0x00680000)]

Stack: [0x00630000,0x00680000],  sp=0x0067f950,  free space=318k
Native frames: (J=compiled Java code, j=interpreted, Vv=VM code, C=native code)
V  [jvm.dll+0x170511]
V  [jvm.dll+0x16a6b6]
V  [jvm.dll+0x2082f]
V  [jvm.dll+0x208b6]
V  [jvm.dll+0x2e5dd]
V  [jvm.dll+0x2e889]
V  [jvm.dll+0x77bd1]
V  [jvm.dll+0x77f8b]
V  [jvm.dll+0x12a1b1]
V  [jvm.dll+0x14ac6a]
V  [jvm.dll+0xa9eef]
C  [javaw.exe+0x13ca]
C  [javaw.exe+0x1e3c]
C  [javaw.exe+0xa5b1]
C  [javaw.exe+0xa63b]
C  [KERNEL32.DLL+0x1866]  BaseThreadInitThunk+0x12
C  [ntdll.dll+0x56911]  LdrInitializeThunk+0x1f0
C  [ntdll.dll+0x568bd]  LdrInitializeThunk+0x19c


---------------  P R O C E S S  ---------------

Java Threads: ( => current thread )

Other Threads:

=>0x006eac00 (exited) JavaThread "Unknown thread" [_thread_in_vm, id=3728, stack(0x00630000,0x00680000)]

VM state:not at safepoint (not fully initialized)

VM Mutex/Monitor currently owned by a thread: None

GC Heap History (0 events):
No events

Deoptimization events (0 events):
No events

Internal exceptions (0 events):
No events

Events (10 events):
Event: 0.009 loading class 0x00714150 done
Event: 0.009 loading class 0x006f5038 done
Event: 0.009 loading class 0x006f51c8
Event: 0.010 loading class 0x0071c300
Event: 0.010 loading class 0x0071c300 done
Event: 0.010 loading class 0x0071c2c8
Event: 0.010 loading class 0x0071c2c8 done
Event: 0.010 loading class 0x007617c0
Event: 0.010 loading class 0x007617c0 done
Event: 0.010 loading class 0x006f51c8 done


Dynamic libraries:
0x00f90000 - 0x00fbf000 	C:\Program Files\Java\jre7\bin\javaw.exe
0x77c10000 - 0x77d78000 	C:\WINDOWS\SYSTEM32\ntdll.dll
0x766c0000 - 0x767b8000 	C:\WINDOWS\system32\KERNEL32.DLL
0x75480000 - 0x7553d000 	C:\WINDOWS\system32\KERNELBASE.dll
0x765a0000 - 0x7664e000 	C:\WINDOWS\system32\ADVAPI32.dll
0x75cc0000 - 0x75de1000 	C:\WINDOWS\system32\USER32.dll
0x734d0000 - 0x736c8000 	C:\WINDOWS\WinSxS\x86_microsoft.windows.common-controls_6595b64144ccf1df_6.0.9200.16579_none_8937eec6860750f5\COMCTL32.dll
0x77a40000 - 0x77af1000 	C:\WINDOWS\system32\msvcrt.dll
0x75c80000 - 0x75cb4000 	C:\WINDOWS\SYSTEM32\sechost.dll
0x75960000 - 0x75a32000 	C:\WINDOWS\system32\RPCRT4.dll
0x760a0000 - 0x761aa000 	C:\WINDOWS\system32\GDI32.dll
0x767c0000 - 0x767eb000 	C:\WINDOWS\system32\IMM32.DLL
0x77960000 - 0x77a3d000 	C:\WINDOWS\system32\MSCTF.dll
0x55990000 - 0x55a4e000 	C:\Program Files\Java\jre7\bin\msvcr100.dll
0x52db0000 - 0x530ff000 	C:\Program Files\Java\jre7\bin\client\jvm.dll
0x703d0000 - 0x703d8000 	C:\WINDOWS\SYSTEM32\WSOCK32.dll
0x70430000 - 0x70451000 	C:\WINDOWS\SYSTEM32\WINMM.dll
0x76570000 - 0x76576000 	C:\WINDOWS\system32\PSAPI.DLL
0x76050000 - 0x760a0000 	C:\WINDOWS\system32\WS2_32.dll
0x70400000 - 0x7042a000 	C:\WINDOWS\SYSTEM32\WINMMBASE.dll
0x766b0000 - 0x766b8000 	C:\WINDOWS\system32\NSI.dll
0x73a80000 - 0x73a8c000 	C:\Program Files\Java\jre7\bin\verify.dll
0x73320000 - 0x73340000 	C:\Program Files\Java\jre7\bin\java.dll
0x70b70000 - 0x70b83000 	C:\Program Files\Java\jre7\bin\zip.dll
0x6cfc0000 - 0x6d0e9000 	C:\WINDOWS\SYSTEM32\dbghelp.dll

VM Arguments:
jvm_args: -Dfile.encoding=Cp1252 -Xbootclasspath:C:\Users\Vale\Documents\paqueteria\adt-bundle-windows-x86\sdk\platforms\android-4.2\android.jar 
java_command: com.raptor.rutasombria.Mounstro
Launcher Type: SUN_STANDARD

Environment Variables:
JAVA_HOME=C:\Program Files\Java\jdk1.7.0_21\
PATH=C:/Program Files/Java/jre7/bin/client;C:/Program Files/Java/jre7/bin;C:/Program Files/Java/jre7/lib/i386;C:\WINDOWS\system32;C:\WINDOWS;C:\WINDOWS\System32\Wbem;C:\WINDOWS\System32\WindowsPowerShell\v1.0\;c:\Program Files\Microsoft SQL Server\100\Tools\Binn\;c:\Program Files\Microsoft SQL Server\100\DTS\Binn\;C:\Program Files\Microsoft\Web Platform Installer\;C:\Program Files\Microsoft ASP.NET\ASP.NET Web Pages\v1.0\;C:\Program Files\Windows Kits\8.0\Windows Performance Toolkit\;C:\Program Files\Microsoft SQL Server\110\Tools\Binn\android-studio/bin/;C:\Users\Vale\Documents\paqueteria\eclipse;
USERNAME=Vale
OS=Windows_NT
PROCESSOR_IDENTIFIER=x86 Family 6 Model 37 Stepping 5, GenuineIntel



---------------  S Y S T E M  ---------------

OS: Windows 8 Build 9200 

CPU:total 4 (2 cores per cpu, 2 threads per core) family 6 model 37 stepping 5, cmov, cx8, fxsr, mmx, sse, sse2, sse3, ssse3, sse4.1, sse4.2, popcnt, ht, tsc, tscinvbit

Memory: 4k page, physical 2937344k(959076k free), swap 5337320k(1091860k free)

vm_info: Java HotSpot(TM) Client VM (23.21-b01) for windows-x86 JRE (1.7.0_21-b11), built on Apr  4 2013 04:43:10 by "java_re" with unknown MS VC++:1600

time: Sun Jun 02 00:56:11 2013
elapsed time: 0 seconds

